  [1m[36m (1.2ms)[0m  [1mCREATE TABLE "schema_migrations" ("version" varchar NOT NULL) [0m
  [1m[35m (0.0ms)[0m  select sqlite_version(*)
  [1m[36m (1.0ms)[0m  [1mCREATE UNIQUE INDEX "unique_schema_migrations" ON "schema_migrations" ("version")[0m
  [1m[35mActiveRecord::SchemaMigration Load (0.1ms)[0m  SELECT "schema_migrations".* FROM "schema_migrations"
  [1m[36mActiveRecord::SchemaMigration Load (0.1ms)[0m  [1mSELECT "schema_migrations".* FROM "schema_migrations"[0m
Migrating to CreatePosts (20151230232412)
  [1m[35m (0.1ms)[0m  begin transaction
  [1m[36m (0.4ms)[0m  [1mCREATE TABLE "posts" ("id" INTEGER PRIMARY KEY AUTOINCREMENT NOT NULL, "title" varchar, "description" text, "created_at" datetime NOT NULL, "updated_at" datetime NOT NULL) [0m
  [1m[35mSQL (0.2ms)[0m  INSERT INTO "schema_migrations" ("version") VALUES (?)  [["version", "20151230232412"]]
  [1m[36m (1.3ms)[0m  [1mcommit transaction[0m
  [1m[35mActiveRecord::SchemaMigration Load (0.1ms)[0m  SELECT "schema_migrations".* FROM "schema_migrations"


Started GET "/posts/new" for ::1 at 2015-12-31 13:44:56 -0600
  [1m[36mActiveRecord::SchemaMigration Load (0.1ms)[0m  [1mSELECT "schema_migrations".* FROM "schema_migrations"[0m
Processing by PostsController#new as HTML
  Rendered posts/new.html.erb within layouts/application (2.1ms)
Completed 200 OK in 347ms (Views: 326.8ms | ActiveRecord: 0.2ms)


Started GET "/assets/application.self-e80e8f2318043e8af94dddc2adad5a4f09739a8ebb323b3ab31cd71d45fd9113.css?body=1" for ::1 at 2015-12-31 13:44:57 -0600


Started GET "/assets/application.self-3b8dabdc891efe46b9a144b400ad69e37d7e5876bdc39dee783419a69d7ca819.js?body=1" for ::1 at 2015-12-31 13:44:57 -0600


Started POST "/posts" for ::1 at 2015-12-31 13:45:03 -0600
Processing by PostsController#create as HTML
  Parameters: {"utf8"=>"✓", "authenticity_token"=>"mFCuNJP5reOW19phdr4zXRLzOMo4NZQ3wneiVR+RO/+owIoDiOxh24iHKkZ7DGazxbSIoRmvIOmJgA4gog1sGg==", "title"=>"Rails Introduction Quiz", "description"=>"asdfasdf", "commit"=>"Submit Post"}
  [1m[35m (0.1ms)[0m  begin transaction
  [1m[36mSQL (0.4ms)[0m  [1mINSERT INTO "posts" ("title", "description", "created_at", "updated_at") VALUES (?, ?, ?, ?)[0m  [["title", "Rails Introduction Quiz"], ["description", "asdfasdf"], ["created_at", "2015-12-31 19:45:03.614973"], ["updated_at", "2015-12-31 19:45:03.614973"]]
  [1m[35m (1.2ms)[0m  commit transaction
Redirected to http://localhost:3000/posts/1
Completed 302 Found in 22ms (ActiveRecord: 1.7ms)


Started GET "/posts/1" for ::1 at 2015-12-31 13:45:03 -0600
Processing by PostsController#show as HTML
  Parameters: {"id"=>"1"}
  [1m[36mPost Load (0.2ms)[0m  [1mSELECT  "posts".* FROM "posts" WHERE "posts"."id" = ? LIMIT 1[0m  [["id", 1]]
  Rendered posts/show.html.erb within layouts/application (0.4ms)
Completed 200 OK in 27ms (Views: 10.4ms | ActiveRecord: 0.2ms)
  [1m[36m (0.2ms)[0m  [1mbegin transaction[0m
  [1m[35mSQL (0.5ms)[0m  INSERT INTO "posts" ("title", "description", "created_at", "updated_at") VALUES (?, ?, ?, ?)  [["title", "Title Goes Here"], ["description", "Desc goes here..."], ["created_at", "2017-03-01 19:01:44.942876"], ["updated_at", "2017-03-01 19:01:44.942876"]]
  [1m[36m (1.1ms)[0m  [1mcommit transaction[0m
  [1m[35mPost Load (0.2ms)[0m  SELECT "posts".* FROM "posts"


Started GET "/" for ::1 at 2017-03-01 14:14:13 -0500
  [1m[36mActiveRecord::SchemaMigration Load (0.5ms)[0m  [1mSELECT "schema_migrations".* FROM "schema_migrations"[0m
Processing by Rails::WelcomeController#index as HTML
  Rendered /Users/jasonbrown/.rvm/gems/ruby-2.3.0/gems/railties-4.2.5/lib/rails/templates/rails/welcome/index.html.erb (1.9ms)
Completed 200 OK in 21ms (Views: 12.1ms | ActiveRecord: 0.0ms)


Started GET "/post" for ::1 at 2017-03-01 14:14:18 -0500

ActionController::RoutingError (No route matches [GET] "/post"):
  actionpack (4.2.5) lib/action_dispatch/middleware/debug_exceptions.rb:21:in `call'
  web-console (2.2.1) lib/web_console/middleware.rb:39:in `call'
  actionpack (4.2.5) lib/action_dispatch/middleware/show_exceptions.rb:30:in `call'
  railties (4.2.5) lib/rails/rack/logger.rb:38:in `call_app'
  railties (4.2.5) lib/rails/rack/logger.rb:20:in `block in call'
  activesupport (4.2.5) lib/active_support/tagged_logging.rb:68:in `block in tagged'
  activesupport (4.2.5) lib/active_support/tagged_logging.rb:26:in `tagged'
  activesupport (4.2.5) lib/active_support/tagged_logging.rb:68:in `tagged'
  railties (4.2.5) lib/rails/rack/logger.rb:20:in `call'
  actionpack (4.2.5) lib/action_dispatch/middleware/request_id.rb:21:in `call'
  rack (1.6.4) lib/rack/methodoverride.rb:22:in `call'
  rack (1.6.4) lib/rack/runtime.rb:18:in `call'
  activesupport (4.2.5) lib/active_support/cache/strategy/local_cache_middleware.rb:28:in `call'
  rack (1.6.4) lib/rack/lock.rb:17:in `call'
  actionpack (4.2.5) lib/action_dispatch/middleware/static.rb:116:in `call'
  rack (1.6.4) lib/rack/sendfile.rb:113:in `call'
  railties (4.2.5) lib/rails/engine.rb:518:in `call'
  railties (4.2.5) lib/rails/application.rb:165:in `call'
  rack (1.6.4) lib/rack/lock.rb:17:in `call'
  rack (1.6.4) lib/rack/content_length.rb:15:in `call'
  rack (1.6.4) lib/rack/handler/webrick.rb:88:in `service'
  /Users/jasonbrown/.rvm/rubies/ruby-2.3.0/lib/ruby/2.3.0/webrick/httpserver.rb:140:in `service'
  /Users/jasonbrown/.rvm/rubies/ruby-2.3.0/lib/ruby/2.3.0/webrick/httpserver.rb:96:in `run'
  /Users/jasonbrown/.rvm/rubies/ruby-2.3.0/lib/ruby/2.3.0/webrick/server.rb:296:in `block in start_thread'


  Rendered /Users/jasonbrown/.rvm/gems/ruby-2.3.0/gems/actionpack-4.2.5/lib/action_dispatch/middleware/templates/rescues/_trace.html.erb (3.5ms)
  Rendered /Users/jasonbrown/.rvm/gems/ruby-2.3.0/gems/actionpack-4.2.5/lib/action_dispatch/middleware/templates/routes/_route.html.erb (0.9ms)
  Rendered /Users/jasonbrown/.rvm/gems/ruby-2.3.0/gems/actionpack-4.2.5/lib/action_dispatch/middleware/templates/routes/_table.html.erb (7.9ms)
  Rendered /Users/jasonbrown/.rvm/gems/ruby-2.3.0/gems/actionpack-4.2.5/lib/action_dispatch/middleware/templates/rescues/_request_and_response.html.erb (1.5ms)
  Rendered /Users/jasonbrown/.rvm/gems/ruby-2.3.0/gems/actionpack-4.2.5/lib/action_dispatch/middleware/templates/rescues/routing_error.html.erb within rescues/layout (80.4ms)
  Rendered /Users/jasonbrown/.rvm/gems/ruby-2.3.0/gems/web-console-2.2.1/lib/web_console/templates/_markup.html.erb (0.5ms)
  Rendered /Users/jasonbrown/.rvm/gems/ruby-2.3.0/gems/web-console-2.2.1/lib/web_console/templates/_inner_console_markup.html.erb within layouts/inlined_string (0.3ms)
  Rendered /Users/jasonbrown/.rvm/gems/ruby-2.3.0/gems/web-console-2.2.1/lib/web_console/templates/_prompt_box_markup.html.erb within layouts/inlined_string (0.4ms)
  Rendered /Users/jasonbrown/.rvm/gems/ruby-2.3.0/gems/web-console-2.2.1/lib/web_console/templates/style.css.erb within layouts/inlined_string (0.4ms)
  Rendered /Users/jasonbrown/.rvm/gems/ruby-2.3.0/gems/web-console-2.2.1/lib/web_console/templates/console.js.erb within layouts/javascript (48.2ms)
  Rendered /Users/jasonbrown/.rvm/gems/ruby-2.3.0/gems/web-console-2.2.1/lib/web_console/templates/main.js.erb within layouts/javascript (0.3ms)
  Rendered /Users/jasonbrown/.rvm/gems/ruby-2.3.0/gems/web-console-2.2.1/lib/web_console/templates/error_page.js.erb within layouts/javascript (0.4ms)
  Rendered /Users/jasonbrown/.rvm/gems/ruby-2.3.0/gems/web-console-2.2.1/lib/web_console/templates/index.html.erb (104.0ms)


Started GET "/posts" for ::1 at 2017-03-01 14:14:21 -0500
Processing by PostsController#index as HTML
  [1m[35mPost Load (0.4ms)[0m  SELECT "posts".* FROM "posts"
  Rendered posts/index.html.erb within layouts/application (4.9ms)
Completed 200 OK in 309ms (Views: 303.8ms | ActiveRecord: 0.7ms)


Started GET "/posts/new" for ::1 at 2017-03-01 14:14:28 -0500
Processing by PostsController#new as HTML
  Rendered posts/new.html.erb within layouts/application (0.9ms)
Completed 200 OK in 19ms (Views: 17.2ms | ActiveRecord: 0.0ms)


Started POST "/posts" for ::1 at 2017-03-01 14:14:52 -0500
Processing by PostsController#create as HTML
  Parameters: {"utf8"=>"✓", "authenticity_token"=>"1qWxMiVBwMJV51KbePvefVWlsRLBQhTrPxtkJ36PBpqKYviPbL7VEXQ1rEtm369va/mPjyZZRqHUI5lRgummPA==", "title"=>"My new post", "description"=>"testing this on rails", "commit"=>"Submit Post"}
  [1m[36m (0.1ms)[0m  [1mbegin transaction[0m
  [1m[35mSQL (1.2ms)[0m  INSERT INTO "posts" ("title", "description", "created_at", "updated_at") VALUES (?, ?, ?, ?)  [["title", "My new post"], ["description", "testing this on rails"], ["created_at", "2017-03-01 19:14:52.147668"], ["updated_at", "2017-03-01 19:14:52.147668"]]
  [1m[36m (1.3ms)[0m  [1mcommit transaction[0m
Redirected to http://localhost:3000/posts.3
Completed 302 Found in 15ms (ActiveRecord: 2.5ms)


Started GET "/posts.3" for ::1 at 2017-03-01 14:14:52 -0500
Processing by PostsController#index as 
  [1m[35mPost Load (0.2ms)[0m  SELECT "posts".* FROM "posts"
  Rendered posts/index.html.erb within layouts/application (2.1ms)
Completed 200 OK in 43ms (Views: 41.6ms | ActiveRecord: 0.2ms)


Started GET "/posts.3" for ::1 at 2017-03-01 14:15:11 -0500
Processing by PostsController#index as 
  [1m[36mPost Load (0.2ms)[0m  [1mSELECT "posts".* FROM "posts"[0m
  Rendered posts/index.html.erb within layouts/application (0.9ms)
Completed 200 OK in 24ms (Views: 23.2ms | ActiveRecord: 0.2ms)


Started GET "/posts/3" for ::1 at 2017-03-01 14:15:16 -0500
Processing by PostsController#show as HTML
  Parameters: {"id"=>"3"}
  [1m[35mPost Load (0.2ms)[0m  SELECT  "posts".* FROM "posts" WHERE "posts"."id" = ? LIMIT 1  [["id", 3]]
  Rendered posts/show.html.erb within layouts/application (0.7ms)
Completed 200 OK in 23ms (Views: 15.6ms | ActiveRecord: 0.2ms)


Started GET "/posts/2" for ::1 at 2017-03-01 14:15:23 -0500
Processing by PostsController#show as HTML
  Parameters: {"id"=>"2"}
  [1m[36mPost Load (0.1ms)[0m  [1mSELECT  "posts".* FROM "posts" WHERE "posts"."id" = ? LIMIT 1[0m  [["id", 2]]
  Rendered posts/show.html.erb within layouts/application (0.1ms)
Completed 200 OK in 15ms (Views: 13.6ms | ActiveRecord: 0.1ms)


Started GET "/posts/1" for ::1 at 2017-03-01 14:15:28 -0500
Processing by PostsController#show as HTML
  Parameters: {"id"=>"1"}
  [1m[35mPost Load (0.1ms)[0m  SELECT  "posts".* FROM "posts" WHERE "posts"."id" = ? LIMIT 1  [["id", 1]]
  Rendered posts/show.html.erb within layouts/application (0.1ms)
Completed 200 OK in 12ms (Views: 10.8ms | ActiveRecord: 0.1ms)


Started GET "/posts/new" for ::1 at 2017-03-01 14:15:34 -0500
Processing by PostsController#new as HTML
  Rendered posts/new.html.erb within layouts/application (0.4ms)
Completed 200 OK in 15ms (Views: 14.1ms | ActiveRecord: 0.0ms)


Started GET "/posts" for ::1 at 2017-03-01 14:33:32 -0500
Processing by PostsController#index as HTML
  [1m[36mPost Load (0.2ms)[0m  [1mSELECT "posts".* FROM "posts"[0m
  Rendered posts/index.html.erb within layouts/application (1.7ms)
Completed 200 OK in 19ms (Views: 17.6ms | ActiveRecord: 0.2ms)


Started GET "/posts/2" for ::1 at 2017-03-01 14:33:43 -0500
Processing by PostsController#show as HTML
  Parameters: {"id"=>"2"}
  [1m[35mPost Load (0.1ms)[0m  SELECT  "posts".* FROM "posts" WHERE "posts"."id" = ? LIMIT 1  [["id", 2]]
  Rendered posts/show.html.erb within layouts/application (0.2ms)
Completed 200 OK in 15ms (Views: 13.5ms | ActiveRecord: 0.1ms)


Started GET "/posts/new" for ::1 at 2017-03-01 14:34:11 -0500
Processing by PostsController#new as HTML
  Rendered posts/new.html.erb within layouts/application (0.3ms)
Completed 200 OK in 11ms (Views: 10.9ms | ActiveRecord: 0.0ms)


Started POST "/posts" for ::1 at 2017-03-01 14:34:25 -0500
Processing by PostsController#create as HTML
  Parameters: {"utf8"=>"✓", "authenticity_token"=>"NNNP44MxTxhhnmg6SguPUQTp7OEH72uBes89friOSxloFAZeys5ay0BMlupUL/5DOrXSfOD0OcuR98AIROjrvw==", "title"=>"newest", "description"=>"dsfasfdas", "commit"=>"Submit Post"}
  [1m[36m (0.1ms)[0m  [1mbegin transaction[0m
  [1m[35mSQL (0.3ms)[0m  INSERT INTO "posts" ("title", "description", "created_at", "updated_at") VALUES (?, ?, ?, ?)  [["title", "newest"], ["description", "dsfasfdas"], ["created_at", "2017-03-01 19:34:25.933544"], ["updated_at", "2017-03-01 19:34:25.933544"]]
  [1m[36m (1.1ms)[0m  [1mcommit transaction[0m
Redirected to http://localhost:3000/posts.4
Completed 302 Found in 5ms (ActiveRecord: 1.5ms)


Started GET "/posts.4" for ::1 at 2017-03-01 14:34:25 -0500
Processing by PostsController#index as 
  [1m[35mPost Load (0.2ms)[0m  SELECT "posts".* FROM "posts"
  Rendered posts/index.html.erb within layouts/application (0.7ms)
Completed 200 OK in 31ms (Views: 30.0ms | ActiveRecord: 0.2ms)


Started GET "/posts" for ::1 at 2017-03-01 14:36:52 -0500
Processing by PostsController#index as HTML
  [1m[36mPost Load (0.2ms)[0m  [1mSELECT "posts".* FROM "posts"[0m
  Rendered posts/index.html.erb within layouts/application (1.1ms)
Completed 200 OK in 16ms (Views: 14.8ms | ActiveRecord: 0.2ms)


Started GET "/posts" for ::1 at 2017-03-01 14:36:54 -0500
Processing by PostsController#index as HTML
  [1m[35mPost Load (0.1ms)[0m  SELECT "posts".* FROM "posts"
  Rendered posts/index.html.erb within layouts/application (0.6ms)
Completed 200 OK in 21ms (Views: 19.8ms | ActiveRecord: 0.1ms)


Started GET "/posts.4" for ::1 at 2017-03-01 14:36:58 -0500
Processing by PostsController#index as 
  [1m[36mPost Load (0.1ms)[0m  [1mSELECT "posts".* FROM "posts"[0m
  Rendered posts/index.html.erb within layouts/application (0.6ms)
Completed 200 OK in 22ms (Views: 21.2ms | ActiveRecord: 0.1ms)


Started GET "/posts/4" for ::1 at 2017-03-01 14:37:06 -0500
Processing by PostsController#show as HTML
  Parameters: {"id"=>"4"}
  [1m[35mPost Load (0.1ms)[0m  SELECT  "posts".* FROM "posts" WHERE "posts"."id" = ? LIMIT 1  [["id", 4]]
  Rendered posts/show.html.erb within layouts/application (0.1ms)
Completed 200 OK in 15ms (Views: 13.7ms | ActiveRecord: 0.1ms)


Started GET "/posts/new" for ::1 at 2017-03-01 14:40:57 -0500
Processing by PostsController#new as HTML
  Rendered posts/new.html.erb within layouts/application (0.4ms)
Completed 200 OK in 20ms (Views: 14.9ms | ActiveRecord: 0.4ms)


Started POST "/posts" for ::1 at 2017-03-01 14:41:00 -0500
Processing by PostsController#create as HTML
  Parameters: {"utf8"=>"✓", "authenticity_token"=>"ELKh8phBWUwPlsR/P7idgkhB00gUVIjAEAlSZrajUzpMdehP0b5Mny5EOq8hnOyQdh3t1fNP2or7Ma8QSsXznA==", "title"=>"", "description"=>"", "commit"=>"Submit Post"}
  [1m[36m (0.1ms)[0m  [1mbegin transaction[0m
  [1m[35mSQL (0.5ms)[0m  INSERT INTO "posts" ("title", "description", "created_at", "updated_at") VALUES (?, ?, ?, ?)  [["title", ""], ["description", ""], ["created_at", "2017-03-01 19:41:00.071326"], ["updated_at", "2017-03-01 19:41:00.071326"]]
  [1m[36m (2.2ms)[0m  [1mcommit transaction[0m
Redirected to http://localhost:3000/posts/5
Completed 302 Found in 6ms (ActiveRecord: 2.8ms)


Started GET "/posts/5" for ::1 at 2017-03-01 14:41:00 -0500
Processing by PostsController#show as HTML
  Parameters: {"id"=>"5"}
  [1m[35mPost Load (1.0ms)[0m  SELECT  "posts".* FROM "posts" WHERE "posts"."id" = ? LIMIT 1  [["id", 5]]
  Rendered posts/show.html.erb within layouts/application (0.1ms)
Completed 200 OK in 19ms (Views: 15.6ms | ActiveRecord: 1.0ms)


Started POST "/posts" for ::1 at 2017-03-01 14:41:16 -0500
Processing by PostsController#create as HTML
  Parameters: {"utf8"=>"✓", "authenticity_token"=>"ELKh8phBWUwPlsR/P7idgkhB00gUVIjAEAlSZrajUzpMdehP0b5Mny5EOq8hnOyQdh3t1fNP2or7Ma8QSsXznA==", "title"=>"jhjhj", "description"=>"jgjhghj", "commit"=>"Submit Post"}
  [1m[36m (0.1ms)[0m  [1mbegin transaction[0m
  [1m[35mSQL (0.2ms)[0m  INSERT INTO "posts" ("title", "description", "created_at", "updated_at") VALUES (?, ?, ?, ?)  [["title", "jhjhj"], ["description", "jgjhghj"], ["created_at", "2017-03-01 19:41:16.206749"], ["updated_at", "2017-03-01 19:41:16.206749"]]
  [1m[36m (1.1ms)[0m  [1mcommit transaction[0m
Redirected to http://localhost:3000/posts/6
Completed 302 Found in 3ms (ActiveRecord: 1.4ms)


Started GET "/posts/6" for ::1 at 2017-03-01 14:41:16 -0500
Processing by PostsController#show as HTML
  Parameters: {"id"=>"6"}
  [1m[35mPost Load (0.1ms)[0m  SELECT  "posts".* FROM "posts" WHERE "posts"."id" = ? LIMIT 1  [["id", 6]]
  Rendered posts/show.html.erb within layouts/application (0.1ms)
Completed 200 OK in 15ms (Views: 13.8ms | ActiveRecord: 0.1ms)


Started POST "/posts" for ::1 at 2017-03-01 14:42:54 -0500
Processing by PostsController#create as HTML
  Parameters: {"utf8"=>"✓", "authenticity_token"=>"ELKh8phBWUwPlsR/P7idgkhB00gUVIjAEAlSZrajUzpMdehP0b5Mny5EOq8hnOyQdh3t1fNP2or7Ma8QSsXznA==", "title"=>"jhjhj", "description"=>"jgjhghj", "commit"=>"Submit Post"}
  [1m[36m (0.0ms)[0m  [1mbegin transaction[0m
  [1m[35mSQL (0.3ms)[0m  INSERT INTO "posts" ("title", "description", "created_at", "updated_at") VALUES (?, ?, ?, ?)  [["title", "jhjhj"], ["description", "jgjhghj"], ["created_at", "2017-03-01 19:42:54.074223"], ["updated_at", "2017-03-01 19:42:54.074223"]]
  [1m[36m (1.5ms)[0m  [1mcommit transaction[0m
Redirected to http://localhost:3000/posts/7
Completed 302 Found in 9ms (ActiveRecord: 2.3ms)


Started GET "/posts/7" for ::1 at 2017-03-01 14:42:54 -0500
Processing by PostsController#show as HTML
  Parameters: {"id"=>"7"}
  [1m[35mPost Load (0.3ms)[0m  SELECT  "posts".* FROM "posts" WHERE "posts"."id" = ? LIMIT 1  [["id", 7]]
  Rendered posts/show.html.erb within layouts/application (0.2ms)
Completed 200 OK in 25ms (Views: 22.8ms | ActiveRecord: 0.3ms)
